# JRE version: OpenJDK Runtime Environment (8.0_152-b02) (build 1.8.0_152-release-1024-b02)
# Java VM: OpenJDK Server VM (25.152-b02 mixed mode windows-x86 )
Heap:
 PSYoungGen      total 139776K, used 72352K [0x51200000, 0x5b300000, 0x71200000)
  eden space 128512K, 56% used [0x51200000,0x558a8168,0x58f80000)
  from space 11264K, 0% used [0x59a00000,0x59a00000,0x5a500000)
  to   space 10752K, 0% used [0x58f80000,0x58f80000,0x59a00000)
 ParOldGen       total 55808K, used 19900K [0x11200000, 0x14880000, 0x51200000)
  object space 55808K, 35% used [0x11200000,0x1256f058,0x14880000)
 Metaspace       used 29139K, capacity 29744K, committed 29824K, reserved 30080K
GC Heap History (10 events):
Event: 10.059 GC heap before
{Heap before GC invocations=10 (full 1):
 PSYoungGen      total 72960K, used 4186K [0x51200000, 0x586c0000, 0x71200000)
  eden space 65024K, 0% used [0x51200000,0x51200000,0x55180000)
  from space 7936K, 52% used [0x55180000,0x55596b78,0x55940000)
  to   space 7680K, 0% used [0x57f40000,0x57f40000,0x586c0000)
 ParOldGen       total 43776K, used 8177K [0x11200000, 0x13cc0000, 0x51200000)
  object space 43776K, 18% used [0x11200000,0x119fc528,0x13cc0000)
 Metaspace       used 16086K, capacity 16359K, committed 16384K, reserved 16768K
Event: 10.175 GC heap after
Heap after GC invocations=10 (full 1):
 PSYoungGen      total 72960K, used 0K [0x51200000, 0x586c0000, 0x71200000)
  eden space 65024K, 0% used [0x51200000,0x51200000,0x55180000)
  from space 7936K, 0% used [0x55180000,0x55180000,0x55940000)
  to   space 7680K, 0% used [0x57f40000,0x57f40000,0x586c0000)
 ParOldGen       total 32000K, used 8016K [0x11200000, 0x13140000, 0x51200000)
  object space 32000K, 25% used [0x11200000,0x119d41b0,0x13140000)
 Metaspace       used 16086K, capacity 16359K, committed 16384K, reserved 16768K
}
Event: 11.885 GC heap before
{Heap before GC invocations=11 (full 1):
 PSYoungGen      total 72960K, used 65024K [0x51200000, 0x586c0000, 0x71200000)
  eden space 65024K, 100% used [0x51200000,0x55180000,0x55180000)
  from space 7936K, 0% used [0x55180000,0x55180000,0x55940000)
  to   space 7680K, 0% used [0x57f40000,0x57f40000,0x586c0000)
 ParOldGen       total 32000K, used 8016K [0x11200000, 0x13140000, 0x51200000)
  object space 32000K, 25% used [0x11200000,0x119d41b0,0x13140000)
 Metaspace       used 19192K, capacity 19527K, committed 19584K, reserved 19840K
Event: 11.905 GC heap after
Heap after GC invocations=11 (full 1):
 PSYoungGen      total 99328K, used 7197K [0x51200000, 0x58680000, 0x71200000)
  eden space 91904K, 0% used [0x51200000,0x51200000,0x56bc0000)
  from space 7424K, 96% used [0x57f40000,0x58647618,0x58680000)
  to   space 8448K, 0% used [0x57600000,0x57600000,0x57e40000)
 ParOldGen       total 32000K, used 8020K [0x11200000, 0x13140000, 0x51200000)
  object space 32000K, 25% used [0x11200000,0x119d51b0,0x13140000)
 Metaspace       used 19192K, capacity 19527K, committed 19584K, reserved 19840K
}
Event: 15.861 GC heap before
{Heap before GC invocations=12 (full 1):
 PSYoungGen      total 99328K, used 99101K [0x51200000, 0x58680000, 0x71200000)
  eden space 91904K, 100% used [0x51200000,0x56bc0000,0x56bc0000)
  from space 7424K, 96% used [0x57f40000,0x58647618,0x58680000)
  to   space 8448K, 0% used [0x57600000,0x57600000,0x57e40000)
 ParOldGen       total 32000K, used 8020K [0x11200000, 0x13140000, 0x51200000)
  object space 32000K, 25% used [0x11200000,0x119d51b0,0x13140000)
 Metaspace       used 24654K, capacity 25120K, committed 25216K, reserved 25984K
Event: 15.911 GC heap after
Heap after GC invocations=12 (full 1):
 PSYoungGen      total 110848K, used 8440K [0x51200000, 0x5a500000, 0x71200000)
  eden space 102400K, 0% used [0x51200000,0x51200000,0x57600000)
  from space 8448K, 99% used [0x57600000,0x57e3e3d8,0x57e40000)
  to   space 11264K, 0% used [0x59a00000,0x59a00000,0x5a500000)
 ParOldGen       total 32000K, used 12569K [0x11200000, 0x13140000, 0x51200000)
  object space 32000K, 39% used [0x11200000,0x11e46648,0x13140000)
 Metaspace       used 24654K, capacity 25120K, committed 25216K, reserved 25984K
}
Event: 17.064 GC heap before
{Heap before GC invocations=13 (full 1):
 PSYoungGen      total 110848K, used 62321K [0x51200000, 0x5a500000, 0x71200000)
  eden space 102400K, 52% used [0x51200000,0x5469e268,0x57600000)
  from space 8448K, 99% used [0x57600000,0x57e3e3d8,0x57e40000)
  to   space 11264K, 0% used [0x59a00000,0x59a00000,0x5a500000)
 ParOldGen       total 32000K, used 12569K [0x11200000, 0x13140000, 0x51200000)
  object space 32000K, 39% used [0x11200000,0x11e46648,0x13140000)
 Metaspace       used 26771K, capacity 27302K, committed 27308K, reserved 28032K
Event: 17.095 GC heap after
Heap after GC invocations=13 (full 1):
 PSYoungGen      total 139776K, used 5648K [0x51200000, 0x5b300000, 0x71200000)
  eden space 128512K, 0% used [0x51200000,0x51200000,0x58f80000)
  from space 11264K, 50% used [0x59a00000,0x59f84018,0x5a500000)
  to   space 10752K, 0% used [0x58f80000,0x58f80000,0x59a00000)
 ParOldGen       total 32000K, used 16509K [0x11200000, 0x13140000, 0x51200000)
  object space 32000K, 51% used [0x11200000,0x1221f6e8,0x13140000)
 Metaspace       used 26771K, capacity 27302K, committed 27308K, reserved 28032K
}
Event: 17.095 GC heap before
{Heap before GC invocations=14 (full 2):
 PSYoungGen      total 139776K, used 5648K [0x51200000, 0x5b300000, 0x71200000)
  eden space 128512K, 0% used [0x51200000,0x51200000,0x58f80000)
  from space 11264K, 50% used [0x59a00000,0x59f84018,0x5a500000)
  to   space 10752K, 0% used [0x58f80000,0x58f80000,0x59a00000)
 ParOldGen       total 32000K, used 16509K [0x11200000, 0x13140000, 0x51200000)
  object space 32000K, 51% used [0x11200000,0x1221f6e8,0x13140000)
 Metaspace       used 26771K, capacity 27302K, committed 27308K, reserved 28032K
Event: 17.281 GC heap after
Heap after GC invocations=14 (full 2):
 PSYoungGen      total 139776K, used 0K [0x51200000, 0x5b300000, 0x71200000)
  eden space 128512K, 0% used [0x51200000,0x51200000,0x58f80000)
  from space 11264K, 0% used [0x59a00000,0x59a00000,0x5a500000)
  to   space 10752K, 0% used [0x58f80000,0x58f80000,0x59a00000)
 ParOldGen       total 55808K, used 19900K [0x11200000, 0x14880000, 0x51200000)
  object space 55808K, 35% used [0x11200000,0x1256f058,0x14880000)
 Metaspace       used 26771K, capacity 27302K, committed 27308K, reserved 28032K
}

