# JRE version: OpenJDK Runtime Environment (8.0_152-b02) (build 1.8.0_152-release-1024-b02)
# Java VM: OpenJDK Server VM (25.152-b02 mixed mode windows-x86 )
Heap:
 PSYoungGen      total 52224K, used 24013K [0x51600000, 0x56140000, 0x71600000)
  eden space 41728K, 44% used [0x51600000,0x52851620,0x53ec0000)
  from space 10496K, 50% used [0x53ec0000,0x543e1ea0,0x54900000)
  to   space 9984K, 0% used [0x55780000,0x55780000,0x56140000)
 ParOldGen       total 46592K, used 17682K [0x11600000, 0x14380000, 0x51600000)
  object space 46592K, 37% used [0x11600000,0x12744920,0x14380000)
 Metaspace       used 32464K, capacity 33036K, committed 33152K, reserved 33152K
GC Heap History (10 events):
Event: 76.791 GC heap before
{Heap before GC invocations=11 (full 1):
 PSYoungGen      total 54272K, used 54210K [0x51600000, 0x55780000, 0x71600000)
  eden space 45568K, 100% used [0x51600000,0x54280000,0x54280000)
  from space 8704K, 99% used [0x54540000,0x54db08a8,0x54dc0000)
  to   space 9984K, 0% used [0x54dc0000,0x54dc0000,0x55780000)
 ParOldGen       total 40960K, used 13028K [0x11600000, 0x13e00000, 0x51600000)
  object space 40960K, 31% used [0x11600000,0x122b9290,0x13e00000)
 Metaspace       used 26160K, capacity 26574K, committed 26752K, reserved 27008K
Event: 76.829 GC heap after
Heap after GC invocations=11 (full 1):
 PSYoungGen      total 52992K, used 7282K [0x51600000, 0x55640000, 0x71600000)
  eden space 44288K, 0% used [0x51600000,0x51600000,0x54140000)
  from space 8704K, 83% used [0x54dc0000,0x554dc898,0x55640000)
  to   space 10752K, 0% used [0x54140000,0x54140000,0x54bc0000)
 ParOldGen       total 40960K, used 16754K [0x11600000, 0x13e00000, 0x51600000)
  object space 40960K, 40% used [0x11600000,0x1265ca48,0x13e00000)
 Metaspace       used 26160K, capacity 26574K, committed 26752K, reserved 27008K
}
Event: 80.385 GC heap before
{Heap before GC invocations=12 (full 1):
 PSYoungGen      total 52992K, used 33194K [0x51600000, 0x55640000, 0x71600000)
  eden space 44288K, 58% used [0x51600000,0x52f4e070,0x54140000)
  from space 8704K, 83% used [0x54dc0000,0x554dc898,0x55640000)
  to   space 10752K, 0% used [0x54140000,0x54140000,0x54bc0000)
 ParOldGen       total 40960K, used 16754K [0x11600000, 0x13e00000, 0x51600000)
  object space 40960K, 40% used [0x11600000,0x1265ca48,0x13e00000)
 Metaspace       used 26758K, capacity 27249K, committed 27308K, reserved 28032K
Event: 80.404 GC heap after
Heap after GC invocations=12 (full 1):
 PSYoungGen      total 45312K, used 2069K [0x51600000, 0x55580000, 0x71600000)
  eden space 43008K, 0% used [0x51600000,0x51600000,0x54000000)
  from space 2304K, 89% used [0x54140000,0x54345740,0x54380000)
  to   space 11008K, 0% used [0x54ac0000,0x54ac0000,0x55580000)
 ParOldGen       total 40960K, used 21953K [0x11600000, 0x13e00000, 0x51600000)
  object space 40960K, 53% used [0x11600000,0x12b704c8,0x13e00000)
 Metaspace       used 26758K, capacity 27249K, committed 27308K, reserved 28032K
}
Event: 80.404 GC heap before
{Heap before GC invocations=13 (full 2):
 PSYoungGen      total 45312K, used 2069K [0x51600000, 0x55580000, 0x71600000)
  eden space 43008K, 0% used [0x51600000,0x51600000,0x54000000)
  from space 2304K, 89% used [0x54140000,0x54345740,0x54380000)
  to   space 11008K, 0% used [0x54ac0000,0x54ac0000,0x55580000)
 ParOldGen       total 40960K, used 21953K [0x11600000, 0x13e00000, 0x51600000)
  object space 40960K, 53% used [0x11600000,0x12b704c8,0x13e00000)
 Metaspace       used 26758K, capacity 27249K, committed 27308K, reserved 28032K
Event: 80.643 GC heap after
Heap after GC invocations=13 (full 2):
 PSYoungGen      total 45312K, used 0K [0x51600000, 0x55580000, 0x71600000)
  eden space 43008K, 0% used [0x51600000,0x51600000,0x54000000)
  from space 2304K, 0% used [0x54140000,0x54140000,0x54380000)
  to   space 11008K, 0% used [0x54ac0000,0x54ac0000,0x55580000)
 ParOldGen       total 46592K, used 17674K [0x11600000, 0x14380000, 0x51600000)
  object space 46592K, 37% used [0x11600000,0x12742920,0x14380000)
 Metaspace       used 26675K, capacity 27086K, committed 27308K, reserved 28032K
}
Event: 83.926 GC heap before
{Heap before GC invocations=14 (full 2):
 PSYoungGen      total 45312K, used 43008K [0x51600000, 0x55580000, 0x71600000)
  eden space 43008K, 100% used [0x51600000,0x54000000,0x54000000)
  from space 2304K, 0% used [0x54140000,0x54140000,0x54380000)
  to   space 11008K, 0% used [0x54ac0000,0x54ac0000,0x55580000)
 ParOldGen       total 46592K, used 17674K [0x11600000, 0x14380000, 0x51600000)
  object space 46592K, 37% used [0x11600000,0x12742920,0x14380000)
 Metaspace       used 30585K, capacity 31110K, committed 31232K, reserved 32128K
Event: 83.939 GC heap after
Heap after GC invocations=14 (full 2):
 PSYoungGen      total 50432K, used 5223K [0x51600000, 0x55340000, 0x71600000)
  eden space 41728K, 0% used [0x51600000,0x51600000,0x53ec0000)
  from space 8704K, 60% used [0x54ac0000,0x54fd9d30,0x55340000)
  to   space 10496K, 0% used [0x53ec0000,0x53ec0000,0x54900000)
 ParOldGen       total 46592K, used 17678K [0x11600000, 0x14380000, 0x51600000)
  object space 46592K, 37% used [0x11600000,0x12743920,0x14380000)
 Metaspace       used 30585K, capacity 31110K, committed 31232K, reserved 32128K
}
Event: 85.250 GC heap before
{Heap before GC invocations=15 (full 2):
 PSYoungGen      total 50432K, used 46951K [0x51600000, 0x55340000, 0x71600000)
  eden space 41728K, 100% used [0x51600000,0x53ec0000,0x53ec0000)
  from space 8704K, 60% used [0x54ac0000,0x54fd9d30,0x55340000)
  to   space 10496K, 0% used [0x53ec0000,0x53ec0000,0x54900000)
 ParOldGen       total 46592K, used 17678K [0x11600000, 0x14380000, 0x51600000)
  object space 46592K, 37% used [0x11600000,0x12743920,0x14380000)
 Metaspace       used 31335K, capacity 31856K, committed 32000K, reserved 32128K
Event: 85.274 GC heap after
Heap after GC invocations=15 (full 2):
 PSYoungGen      total 52224K, used 5255K [0x51600000, 0x56140000, 0x71600000)
  eden space 41728K, 0% used [0x51600000,0x51600000,0x53ec0000)
  from space 10496K, 50% used [0x53ec0000,0x543e1ea0,0x54900000)
  to   space 9984K, 0% used [0x55780000,0x55780000,0x56140000)
 ParOldGen       total 46592K, used 17682K [0x11600000, 0x14380000, 0x51600000)
  object space 46592K, 37% used [0x11600000,0x12744920,0x14380000)
 Metaspace       used 31335K, capacity 31856K, committed 32000K, reserved 32128K
}

