# JRE version: OpenJDK Runtime Environment (8.0_152-b02) (build 1.8.0_152-release-1024-b02)
# Java VM: OpenJDK Server VM (25.152-b02 mixed mode windows-x86 )
Heap:
 PSYoungGen      total 141056K, used 26541K [0x51400000, 0x5b300000, 0x71400000)
  eden space 129792K, 20% used [0x51400000,0x52deb6a0,0x592c0000)
  from space 11264K, 0% used [0x59d00000,0x59d00000,0x5a800000)
  to   space 10496K, 0% used [0x592c0000,0x592c0000,0x59d00000)
 ParOldGen       total 53760K, used 19903K [0x11400000, 0x14880000, 0x51400000)
  object space 53760K, 37% used [0x11400000,0x1276fed8,0x14880000)
 Metaspace       used 27370K, capacity 27968K, committed 28032K, reserved 28032K
GC Heap History (10 events):
Event: 10.991 GC heap before
{Heap before GC invocations=10 (full 1):
 PSYoungGen      total 72960K, used 4207K [0x51400000, 0x588c0000, 0x71400000)
  eden space 65024K, 0% used [0x51400000,0x51400000,0x55380000)
  from space 7936K, 53% used [0x55380000,0x5579bf90,0x55b40000)
  to   space 7680K, 0% used [0x58140000,0x58140000,0x588c0000)
 ParOldGen       total 43776K, used 8199K [0x11400000, 0x13ec0000, 0x51400000)
  object space 43776K, 18% used [0x11400000,0x11c01d18,0x13ec0000)
 Metaspace       used 16089K, capacity 16359K, committed 16384K, reserved 16768K
Event: 11.122 GC heap after
Heap after GC invocations=10 (full 1):
 PSYoungGen      total 72960K, used 0K [0x51400000, 0x588c0000, 0x71400000)
  eden space 65024K, 0% used [0x51400000,0x51400000,0x55380000)
  from space 7936K, 0% used [0x55380000,0x55380000,0x55b40000)
  to   space 7680K, 0% used [0x58140000,0x58140000,0x588c0000)
 ParOldGen       total 31488K, used 8025K [0x11400000, 0x132c0000, 0x51400000)
  object space 31488K, 25% used [0x11400000,0x11bd6560,0x132c0000)
 Metaspace       used 16089K, capacity 16359K, committed 16384K, reserved 16768K
}
Event: 14.286 GC heap before
{Heap before GC invocations=11 (full 1):
 PSYoungGen      total 72960K, used 65024K [0x51400000, 0x588c0000, 0x71400000)
  eden space 65024K, 100% used [0x51400000,0x55380000,0x55380000)
  from space 7936K, 0% used [0x55380000,0x55380000,0x55b40000)
  to   space 7680K, 0% used [0x58140000,0x58140000,0x588c0000)
 ParOldGen       total 31488K, used 8025K [0x11400000, 0x132c0000, 0x51400000)
  object space 31488K, 25% used [0x11400000,0x11bd6560,0x132c0000)
 Metaspace       used 19226K, capacity 19591K, committed 19712K, reserved 19840K
Event: 14.303 GC heap after
Heap after GC invocations=11 (full 1):
 PSYoungGen      total 99840K, used 7202K [0x51400000, 0x58880000, 0x71400000)
  eden space 92416K, 0% used [0x51400000,0x51400000,0x56e40000)
  from space 7424K, 97% used [0x58140000,0x58848a08,0x58880000)
  to   space 8448K, 0% used [0x57800000,0x57800000,0x58040000)
 ParOldGen       total 31488K, used 8029K [0x11400000, 0x132c0000, 0x51400000)
  object space 31488K, 25% used [0x11400000,0x11bd7560,0x132c0000)
 Metaspace       used 19226K, capacity 19591K, committed 19712K, reserved 19840K
}
Event: 18.143 GC heap before
{Heap before GC invocations=12 (full 1):
 PSYoungGen      total 99840K, used 99618K [0x51400000, 0x58880000, 0x71400000)
  eden space 92416K, 100% used [0x51400000,0x56e40000,0x56e40000)
  from space 7424K, 97% used [0x58140000,0x58848a08,0x58880000)
  to   space 8448K, 0% used [0x57800000,0x57800000,0x58040000)
 ParOldGen       total 31488K, used 8029K [0x11400000, 0x132c0000, 0x51400000)
  object space 31488K, 25% used [0x11400000,0x11bd7560,0x132c0000)
 Metaspace       used 24669K, capacity 25152K, committed 25216K, reserved 25984K
Event: 18.184 GC heap after
Heap after GC invocations=12 (full 1):
 PSYoungGen      total 110848K, used 8438K [0x51400000, 0x5a800000, 0x71400000)
  eden space 102400K, 0% used [0x51400000,0x51400000,0x57800000)
  from space 8448K, 99% used [0x57800000,0x5803dbe8,0x58040000)
  to   space 11264K, 0% used [0x59d00000,0x59d00000,0x5a800000)
 ParOldGen       total 31488K, used 12621K [0x11400000, 0x132c0000, 0x51400000)
  object space 31488K, 40% used [0x11400000,0x12053700,0x132c0000)
 Metaspace       used 24669K, capacity 25152K, committed 25216K, reserved 25984K
}
Event: 20.097 GC heap before
{Heap before GC invocations=13 (full 1):
 PSYoungGen      total 110848K, used 59619K [0x51400000, 0x5a800000, 0x71400000)
  eden space 102400K, 49% used [0x51400000,0x545fb1e8,0x57800000)
  from space 8448K, 99% used [0x57800000,0x5803dbe8,0x58040000)
  to   space 11264K, 0% used [0x59d00000,0x59d00000,0x5a800000)
 ParOldGen       total 31488K, used 12621K [0x11400000, 0x132c0000, 0x51400000)
  object space 31488K, 40% used [0x11400000,0x12053700,0x132c0000)
 Metaspace       used 26753K, capacity 27290K, committed 27308K, reserved 28032K
Event: 20.128 GC heap after
Heap after GC invocations=13 (full 1):
 PSYoungGen      total 141056K, used 5552K [0x51400000, 0x5b300000, 0x71400000)
  eden space 129792K, 0% used [0x51400000,0x51400000,0x592c0000)
  from space 11264K, 49% used [0x59d00000,0x5a26c3d8,0x5a800000)
  to   space 10496K, 0% used [0x592c0000,0x592c0000,0x59d00000)
 ParOldGen       total 31488K, used 16618K [0x11400000, 0x132c0000, 0x51400000)
  object space 31488K, 52% used [0x11400000,0x1243a9c8,0x132c0000)
 Metaspace       used 26753K, capacity 27290K, committed 27308K, reserved 28032K
}
Event: 20.128 GC heap before
{Heap before GC invocations=14 (full 2):
 PSYoungGen      total 141056K, used 5552K [0x51400000, 0x5b300000, 0x71400000)
  eden space 129792K, 0% used [0x51400000,0x51400000,0x592c0000)
  from space 11264K, 49% used [0x59d00000,0x5a26c3d8,0x5a800000)
  to   space 10496K, 0% used [0x592c0000,0x592c0000,0x59d00000)
 ParOldGen       total 31488K, used 16618K [0x11400000, 0x132c0000, 0x51400000)
  object space 31488K, 52% used [0x11400000,0x1243a9c8,0x132c0000)
 Metaspace       used 26753K, capacity 27290K, committed 27308K, reserved 28032K
Event: 20.278 GC heap after
Heap after GC invocations=14 (full 2):
 PSYoungGen      total 141056K, used 0K [0x51400000, 0x5b300000, 0x71400000)
  eden space 129792K, 0% used [0x51400000,0x51400000,0x592c0000)
  from space 11264K, 0% used [0x59d00000,0x59d00000,0x5a800000)
  to   space 10496K, 0% used [0x592c0000,0x592c0000,0x59d00000)
 ParOldGen       total 53760K, used 19903K [0x11400000, 0x14880000, 0x51400000)
  object space 53760K, 37% used [0x11400000,0x1276fed8,0x14880000)
 Metaspace       used 26753K, capacity 27290K, committed 27308K, reserved 28032K
}

