# JRE version: OpenJDK Runtime Environment (8.0_152-b02) (build 1.8.0_152-release-1024-b02)
# Java VM: OpenJDK Server VM (25.152-b02 mixed mode windows-x86 )
Heap:
 PSYoungGen      total 137216K, used 113499K [0x51400000, 0x5c680000, 0x71400000)
  eden space 122880K, 82% used [0x51400000,0x57776760,0x58c00000)
  from space 14336K, 81% used [0x58c00000,0x597607a0,0x59a00000)
  to   space 15616K, 0% used [0x5b740000,0x5b740000,0x5c680000)
 ParOldGen       total 65536K, used 19918K [0x11400000, 0x15400000, 0x51400000)
  object space 65536K, 30% used [0x11400000,0x12773958,0x15400000)
 Metaspace       used 36251K, capacity 37284K, committed 37376K, reserved 38272K
GC Heap History (10 events):
Event: 10.965 GC heap before
{Heap before GC invocations=9 (full 1):
 PSYoungGen      total 73472K, used 65280K [0x51400000, 0x5a600000, 0x71400000)
  eden space 65280K, 100% used [0x51400000,0x553c0000,0x553c0000)
  from space 8192K, 0% used [0x553c0000,0x553c0000,0x55bc0000)
  to   space 9472K, 0% used [0x59cc0000,0x59cc0000,0x5a600000)
 ParOldGen       total 41984K, used 12798K [0x11400000, 0x13d00000, 0x51400000)
  object space 41984K, 30% used [0x11400000,0x1207f860,0x13d00000)
 Metaspace       used 19149K, capacity 19493K, committed 19584K, reserved 19840K
Event: 10.986 GC heap after
Heap after GC invocations=9 (full 1):
 PSYoungGen      total 101888K, used 6910K [0x51400000, 0x5a380000, 0x71400000)
  eden space 94976K, 0% used [0x51400000,0x51400000,0x570c0000)
  from space 6912K, 99% used [0x59cc0000,0x5a37fb18,0x5a380000)
  to   space 9728K, 0% used [0x59080000,0x59080000,0x59a00000)
 ParOldGen       total 41984K, used 12802K [0x11400000, 0x13d00000, 0x51400000)
  object space 41984K, 30% used [0x11400000,0x12080860,0x13d00000)
 Metaspace       used 19149K, capacity 19493K, committed 19584K, reserved 19840K
}
Event: 13.345 GC heap before
{Heap before GC invocations=10 (full 1):
 PSYoungGen      total 101888K, used 101886K [0x51400000, 0x5a380000, 0x71400000)
  eden space 94976K, 100% used [0x51400000,0x570c0000,0x570c0000)
  from space 6912K, 99% used [0x59cc0000,0x5a37fb18,0x5a380000)
  to   space 9728K, 0% used [0x59080000,0x59080000,0x59a00000)
 ParOldGen       total 41984K, used 12802K [0x11400000, 0x13d00000, 0x51400000)
  object space 41984K, 30% used [0x11400000,0x12080860,0x13d00000)
 Metaspace       used 24594K, capacity 25088K, committed 25216K, reserved 25984K
Event: 13.368 GC heap after
Heap after GC invocations=10 (full 1):
 PSYoungGen      total 129536K, used 9726K [0x51400000, 0x5a180000, 0x71400000)
  eden space 119808K, 0% used [0x51400000,0x51400000,0x58900000)
  from space 9728K, 99% used [0x59080000,0x599ffad0,0x59a00000)
  to   space 7680K, 0% used [0x59a00000,0x59a00000,0x5a180000)
 ParOldGen       total 41984K, used 16162K [0x11400000, 0x13d00000, 0x51400000)
  object space 41984K, 38% used [0x11400000,0x123c8b30,0x13d00000)
 Metaspace       used 24594K, capacity 25088K, committed 25216K, reserved 25984K
}
Event: 14.271 GC heap before
{Heap before GC invocations=11 (full 1):
 PSYoungGen      total 129536K, used 62061K [0x51400000, 0x5a180000, 0x71400000)
  eden space 119808K, 43% used [0x51400000,0x5471bb00,0x58900000)
  from space 9728K, 99% used [0x59080000,0x599ffad0,0x59a00000)
  to   space 7680K, 0% used [0x59a00000,0x59a00000,0x5a180000)
 ParOldGen       total 41984K, used 16162K [0x11400000, 0x13d00000, 0x51400000)
  object space 41984K, 38% used [0x11400000,0x123c8b30,0x13d00000)
 Metaspace       used 26768K, capacity 27308K, committed 27308K, reserved 28032K
Event: 14.310 GC heap after
Heap after GC invocations=11 (full 1):
 PSYoungGen      total 130560K, used 7665K [0x51400000, 0x5ca80000, 0x71400000)
  eden space 122880K, 0% used [0x51400000,0x51400000,0x58c00000)
  from space 7680K, 99% used [0x59a00000,0x5a17c6f0,0x5a180000)
  to   space 14336K, 0% used [0x58c00000,0x58c00000,0x59a00000)
 ParOldGen       total 41984K, used 21313K [0x11400000, 0x13d00000, 0x51400000)
  object space 41984K, 50% used [0x11400000,0x128d0540,0x13d00000)
 Metaspace       used 26768K, capacity 27308K, committed 27308K, reserved 28032K
}
Event: 14.310 GC heap before
{Heap before GC invocations=12 (full 2):
 PSYoungGen      total 130560K, used 7665K [0x51400000, 0x5ca80000, 0x71400000)
  eden space 122880K, 0% used [0x51400000,0x51400000,0x58c00000)
  from space 7680K, 99% used [0x59a00000,0x5a17c6f0,0x5a180000)
  to   space 14336K, 0% used [0x58c00000,0x58c00000,0x59a00000)
 ParOldGen       total 41984K, used 21313K [0x11400000, 0x13d00000, 0x51400000)
  object space 41984K, 50% used [0x11400000,0x128d0540,0x13d00000)
 Metaspace       used 26768K, capacity 27308K, committed 27308K, reserved 28032K
Event: 14.492 GC heap after
Heap after GC invocations=12 (full 2):
 PSYoungGen      total 130560K, used 0K [0x51400000, 0x5ca80000, 0x71400000)
  eden space 122880K, 0% used [0x51400000,0x51400000,0x58c00000)
  from space 7680K, 0% used [0x59a00000,0x59a00000,0x5a180000)
  to   space 14336K, 0% used [0x58c00000,0x58c00000,0x59a00000)
 ParOldGen       total 65536K, used 19910K [0x11400000, 0x15400000, 0x51400000)
  object space 65536K, 30% used [0x11400000,0x12771958,0x15400000)
 Metaspace       used 26768K, capacity 27308K, committed 27308K, reserved 28032K
}
Event: 16.754 GC heap before
{Heap before GC invocations=13 (full 2):
 PSYoungGen      total 130560K, used 122880K [0x51400000, 0x5ca80000, 0x71400000)
  eden space 122880K, 100% used [0x51400000,0x58c00000,0x58c00000)
  from space 7680K, 0% used [0x59a00000,0x59a00000,0x5a180000)
  to   space 14336K, 0% used [0x58c00000,0x58c00000,0x59a00000)
 ParOldGen       total 65536K, used 19910K [0x11400000, 0x15400000, 0x51400000)
  object space 65536K, 30% used [0x11400000,0x12771958,0x15400000)
 Metaspace       used 31762K, capacity 32393K, committed 32512K, reserved 33152K
Event: 16.771 GC heap after
Heap after GC invocations=13 (full 2):
 PSYoungGen      total 137216K, used 11649K [0x51400000, 0x5c680000, 0x71400000)
  eden space 122880K, 0% used [0x51400000,0x51400000,0x58c00000)
  from space 14336K, 81% used [0x58c00000,0x597607a0,0x59a00000)
  to   space 15616K, 0% used [0x5b740000,0x5b740000,0x5c680000)
 ParOldGen       total 65536K, used 19918K [0x11400000, 0x15400000, 0x51400000)
  object space 65536K, 30% used [0x11400000,0x12773958,0x15400000)
 Metaspace       used 31762K, capacity 32393K, committed 32512K, reserved 33152K
}

